<?xml version="1.0" encoding="UTF-8"?>
<!-- Generated by org.testng.reporters.JUnitReportReporter -->
<testsuite skipped="0" hostname="LAPTOP-E48591KV" name="utils.ExtendReports.extentReports" tests="1" failures="0" timestamp="2023-07-09T12:09:24 IST" time="8.952" errors="0">
  <testcase name="sampleTest" time="8.952" classname="utils.ExtendReports.extentReports"/>
  <system-out/>
</testsuite> <!-- utils.ExtendReports.extentReports -->
